<?xml version="1.0" encoding="UTF-8"?>
<testng-results skipped="1" failed="0" total="1" passed="0">
  <reporter-output>
  </reporter-output>
  <suite name="Default suite" duration-ms="2949" started-at="2020-05-06T08:21:29Z" finished-at="2020-05-06T08:21:32Z">
    <groups>
    </groups>
    <test name="Default test" duration-ms="2949" started-at="2020-05-06T08:21:29Z" finished-at="2020-05-06T08:21:32Z">
      <class name="com.selenium.testcases.LoginTest">
        <test-method status="FAIL" signature="setUp()[pri:0, instance:com.selenium.testcases.LoginTest@1ce92674]" name="setUp" is-config="true" duration-ms="0" started-at="2020-05-06T13:51:29Z" finished-at="2020-05-06T13:51:29Z">
          <exception class="java.lang.NullPointerException">
            <full-stacktrace>
              <![CDATA[java.lang.NullPointerException
	at com.selenium.keywords.Generickeywords.launchBrowser(Generickeywords.java:64)
	at com.selenium.testcases.LoginTest.setUp(LoginTest.java:30)
	at sun.reflect.NativeMethodAccessorImpl.invoke0(Native Method)
	at sun.reflect.NativeMethodAccessorImpl.invoke(NativeMethodAccessorImpl.java:62)
	at sun.reflect.DelegatingMethodAccessorImpl.invoke(DelegatingMethodAccessorImpl.java:43)
	at java.lang.reflect.Method.invoke(Method.java:498)
	at org.testng.internal.MethodInvocationHelper.invokeMethod(MethodInvocationHelper.java:100)
	at org.testng.internal.Invoker.invokeConfigurationMethod(Invoker.java:515)
	at org.testng.internal.Invoker.invokeConfigurations(Invoker.java:216)
	at org.testng.internal.Invoker.invokeConfigurations(Invoker.java:143)
	at org.testng.internal.TestMethodWorker.invokeBeforeClassMethods(TestMethodWorker.java:169)
	at org.testng.internal.TestMethodWorker.run(TestMethodWorker.java:108)
	at org.testng.TestRunner.privateRun(TestRunner.java:753)
	at org.testng.TestRunner.run(TestRunner.java:607)
	at org.testng.SuiteRunner.runTest(SuiteRunner.java:368)
	at org.testng.SuiteRunner.runSequentially(SuiteRunner.java:363)
	at org.testng.SuiteRunner.privateRun(SuiteRunner.java:321)
	at org.testng.SuiteRunner.run(SuiteRunner.java:270)
	at org.testng.SuiteRunnerWorker.runSuite(SuiteRunnerWorker.java:52)
	at org.testng.SuiteRunnerWorker.run(SuiteRunnerWorker.java:86)
	at org.testng.TestNG.runSuitesSequentially(TestNG.java:1284)
	at org.testng.TestNG.runSuitesLocally(TestNG.java:1209)
	at org.testng.TestNG.runSuites(TestNG.java:1124)
	at org.testng.TestNG.run(TestNG.java:1096)
	at org.testng.remote.AbstractRemoteTestNG.run(AbstractRemoteTestNG.java:132)
	at org.testng.remote.RemoteTestNG.initAndRun(RemoteTestNG.java:236)
	at org.testng.remote.RemoteTestNG.main(RemoteTestNG.java:81)
]]>
            </full-stacktrace>
          </exception> <!-- java.lang.NullPointerException -->
          <reporter-output>
          </reporter-output>
        </test-method> <!-- setUp -->
        <test-method status="SKIP" signature="beforeEveryTestcase()[pri:0, instance:com.selenium.testcases.LoginTest@1ce92674]" name="beforeEveryTestcase" is-config="true" duration-ms="0" started-at="2020-05-06T13:51:32Z" finished-at="2020-05-06T13:51:32Z">
          <reporter-output>
          </reporter-output>
        </test-method> <!-- beforeEveryTestcase -->
        <test-method status="SKIP" signature="sellerLogin()[pri:0, instance:com.selenium.testcases.LoginTest@1ce92674]" name="sellerLogin" duration-ms="1" started-at="2020-05-06T13:51:32Z" finished-at="2020-05-06T13:51:32Z">
          <reporter-output>
          </reporter-output>
        </test-method> <!-- sellerLogin -->
      </class> <!-- com.selenium.testcases.LoginTest -->
    </test> <!-- Default test -->
  </suite> <!-- Default suite -->
</testng-results>
